<?xml version="1.0" encoding="UTF-8"?>
<!-- Generated by org.testng.reporters.JUnitReportReporter -->
<testsuite skipped="0" hostname="hi" name="p2.class2" tests="3" failures="0" timestamp="2020-01-29T06:40:48 EST" time="0.028" errors="0">
  <testcase name="tc005" time="0.000" classname="p2.class2"/>
  <testcase name="tc006" time="0.004" classname="p2.class2"/>
  <testcase name="tc004" time="0.024" classname="p2.class2"/>
</testsuite> <!-- p2.class2 -->
